{"total": {"lines":{"total":2716,"covered":2281,"skipped":0,"pct":83.98},"statements":{"total":3235,"covered":2648,"skipped":0,"pct":81.85},"functions":{"total":772,"covered":649,"skipped":0,"pct":84.06},"branches":{"total":2954,"covered":2144,"skipped":0,"pct":72.57},"branchesTrue":{"total":0,"covered":0,"skipped":0,"pct":100}}
,"/Users/corey/Documents/HQ/repos/public/hq-desktop-app/apps/sync/package.json": {"lines":{"total":0,"covered":0,"skipped":0,"pct":100},"functions":{"total":0,"covered":0,"skipped":0,"pct":100},"statements":{"total":0,"covered":0,"skipped":0,"pct":100},"branches":{"total":0,"covered":0,"skipped":0,"pct":100}}
,"/Users/corey/Documents/HQ/repos/public/hq-desktop-app/apps/sync/sidecar/recall-sdk-bridge/recording-tracker.mjs": {"lines":{"total":14,"covered":14,"skipped":0,"pct":100},"functions":{"total":7,"covered":7,"skipped":0,"pct":100},"statements":{"total":19,"covered":19,"skipped":0,"pct":100},"branches":{"total":18,"covered":17,"skipped":0,"pct":94.44}}
,"/Users/corey/Documents/HQ/repos/public/hq-desktop-app/apps/sync/src/sentry-before-send.ts": {"lines":{"total":62,"covered":61,"skipped":0,"pct":98.38},"functions":{"total":9,"covered":9,"skipped":0,"pct":100},"statements":{"total":73,"covered":72,"skipped":0,"pct":98.63},"branches":{"total":57,"covered":54,"skipped":0,"pct":94.73}}
,"/Users/corey/Documents/HQ/repos/public/hq-desktop-app/apps/sync/src/components/messaging/contact-order.ts": {"lines":{"total":95,"covered":91,"skipped":0,"pct":95.78},"functions":{"total":30,"covered":28,"skipped":0,"pct":93.33},"statements":{"total":110,"covered":99,"skipped":0,"pct":90},"branches":{"total":118,"covered":77,"skipped":0,"pct":65.25}}
,"/Users/corey/Documents/HQ/repos/public/hq-desktop-app/apps/sync/src/components/onboarding/SetupScreen.svelte": {"lines":{"total":303,"covered":236,"skipped":0,"pct":77.88},"functions":{"total":72,"covered":64,"skipped":0,"pct":88.88},"statements":{"total":378,"covered":288,"skipped":0,"pct":76.19},"branches":{"total":204,"covered":113,"skipped":0,"pct":55.39}}
,"/Users/corey/Documents/HQ/repos/public/hq-desktop-app/apps/sync/src/desktop-alt/route.ts": {"lines":{"total":122,"covered":109,"skipped":0,"pct":89.34},"functions":{"total":24,"covered":24,"skipped":0,"pct":100},"statements":{"total":153,"covered":135,"skipped":0,"pct":88.23},"branches":{"total":146,"covered":124,"skipped":0,"pct":84.93}}
,"/Users/corey/Documents/HQ/repos/public/hq-desktop-app/apps/sync/src/desktop-alt/assets/pack-covers/engineering.jpg": {"lines":{"total":0,"covered":0,"skipped":0,"pct":100},"functions":{"total":0,"covered":0,"skipped":0,"pct":100},"statements":{"total":0,"covered":0,"skipped":0,"pct":100},"branches":{"total":0,"covered":0,"skipped":0,"pct":100}}
,"/Users/corey/Documents/HQ/repos/public/hq-desktop-app/apps/sync/src/desktop-alt/assets/pack-covers/gstack.jpg": {"lines":{"total":0,"covered":0,"skipped":0,"pct":100},"functions":{"total":0,"covered":0,"skipped":0,"pct":100},"statements":{"total":0,"covered":0,"skipped":0,"pct":100},"branches":{"total":0,"covered":0,"skipped":0,"pct":100}}
,"/Users/corey/Documents/HQ/repos/public/hq-desktop-app/apps/sync/src/desktop-alt/assets/pack-covers/impeccable.jpg": {"lines":{"total":0,"covered":0,"skipped":0,"pct":100},"functions":{"total":0,"covered":0,"skipped":0,"pct":100},"statements":{"total":0,"covered":0,"skipped":0,"pct":100},"branches":{"total":0,"covered":0,"skipped":0,"pct":100}}
,"/Users/corey/Documents/HQ/repos/public/hq-desktop-app/apps/sync/src/desktop-alt/assets/pack-covers/magicpath-agent-skills.jpg": {"lines":{"total":0,"covered":0,"skipped":0,"pct":100},"functions":{"total":0,"covered":0,"skipped":0,"pct":100},"statements":{"total":0,"covered":0,"skipped":0,"pct":100},"branches":{"total":0,"covered":0,"skipped":0,"pct":100}}
,"/Users/corey/Documents/HQ/repos/public/hq-desktop-app/apps/sync/src/desktop-alt/assets/pack-covers/pocock-skills.jpg": {"lines":{"total":0,"covered":0,"skipped":0,"pct":100},"functions":{"total":0,"covered":0,"skipped":0,"pct":100},"statements":{"total":0,"covered":0,"skipped":0,"pct":100},"branches":{"total":0,"covered":0,"skipped":0,"pct":100}}
,"/Users/corey/Documents/HQ/repos/public/hq-desktop-app/apps/sync/src/desktop-alt/lib/agency.ts": {"lines":{"total":27,"covered":27,"skipped":0,"pct":100},"functions":{"total":4,"covered":4,"skipped":0,"pct":100},"statements":{"total":42,"covered":41,"skipped":0,"pct":97.61},"branches":{"total":34,"covered":33,"skipped":0,"pct":97.05}}
,"/Users/corey/Documents/HQ/repos/public/hq-desktop-app/apps/sync/src/desktop-alt/lib/company-store.svelte.ts": {"lines":{"total":56,"covered":11,"skipped":0,"pct":19.64},"functions":{"total":26,"covered":0,"skipped":0,"pct":0},"statements":{"total":61,"covered":11,"skipped":0,"pct":18.03},"branches":{"total":34,"covered":0,"skipped":0,"pct":0}}
,"/Users/corey/Documents/HQ/repos/public/hq-desktop-app/apps/sync/src/desktop-alt/lib/company-summary.svelte.ts": {"lines":{"total":10,"covered":1,"skipped":0,"pct":10},"functions":{"total":5,"covered":1,"skipped":0,"pct":20},"statements":{"total":10,"covered":1,"skipped":0,"pct":10},"branches":{"total":0,"covered":0,"skipped":0,"pct":100}}
,"/Users/corey/Documents/HQ/repos/public/hq-desktop-app/apps/sync/src/desktop-alt/lib/file-tree.ts": {"lines":{"total":20,"covered":20,"skipped":0,"pct":100},"functions":{"total":7,"covered":7,"skipped":0,"pct":100},"statements":{"total":21,"covered":21,"skipped":0,"pct":100},"branches":{"total":25,"covered":24,"skipped":0,"pct":96}}
,"/Users/corey/Documents/HQ/repos/public/hq-desktop-app/apps/sync/src/desktop-alt/lib/hq-console.ts": {"lines":{"total":7,"covered":7,"skipped":0,"pct":100},"functions":{"total":4,"covered":4,"skipped":0,"pct":100},"statements":{"total":7,"covered":7,"skipped":0,"pct":100},"branches":{"total":0,"covered":0,"skipped":0,"pct":100}}
,"/Users/corey/Documents/HQ/repos/public/hq-desktop-app/apps/sync/src/desktop-alt/lib/library-refresh.ts": {"lines":{"total":7,"covered":7,"skipped":0,"pct":100},"functions":{"total":4,"covered":4,"skipped":0,"pct":100},"statements":{"total":8,"covered":8,"skipped":0,"pct":100},"branches":{"total":2,"covered":2,"skipped":0,"pct":100}}
,"/Users/corey/Documents/HQ/repos/public/hq-desktop-app/apps/sync/src/desktop-alt/lib/library.ts": {"lines":{"total":34,"covered":24,"skipped":0,"pct":70.58},"functions":{"total":17,"covered":11,"skipped":0,"pct":64.7},"statements":{"total":45,"covered":35,"skipped":0,"pct":77.77},"branches":{"total":74,"covered":34,"skipped":0,"pct":45.94}}
,"/Users/corey/Documents/HQ/repos/public/hq-desktop-app/apps/sync/src/desktop-alt/lib/markdown.ts": {"lines":{"total":87,"covered":23,"skipped":0,"pct":26.43},"functions":{"total":10,"covered":6,"skipped":0,"pct":60},"statements":{"total":92,"covered":24,"skipped":0,"pct":26.08},"branches":{"total":40,"covered":7,"skipped":0,"pct":17.5}}
,"/Users/corey/Documents/HQ/repos/public/hq-desktop-app/apps/sync/src/desktop-alt/lib/marketplace.ts": {"lines":{"total":117,"covered":111,"skipped":0,"pct":94.87},"functions":{"total":45,"covered":42,"skipped":0,"pct":93.33},"statements":{"total":130,"covered":122,"skipped":0,"pct":93.84},"branches":{"total":136,"covered":115,"skipped":0,"pct":84.55}}
,"/Users/corey/Documents/HQ/repos/public/hq-desktop-app/apps/sync/src/desktop-alt/lib/meetings-model.ts": {"lines":{"total":195,"covered":138,"skipped":0,"pct":70.76},"functions":{"total":56,"covered":44,"skipped":0,"pct":78.57},"statements":{"total":248,"covered":162,"skipped":0,"pct":65.32},"branches":{"total":272,"covered":142,"skipped":0,"pct":52.2}}
,"/Users/corey/Documents/HQ/repos/public/hq-desktop-app/apps/sync/src/desktop-alt/lib/pack-covers.ts": {"lines":{"total":16,"covered":16,"skipped":0,"pct":100},"functions":{"total":3,"covered":3,"skipped":0,"pct":100},"statements":{"total":18,"covered":18,"skipped":0,"pct":100},"branches":{"total":12,"covered":11,"skipped":0,"pct":91.66}}
,"/Users/corey/Documents/HQ/repos/public/hq-desktop-app/apps/sync/src/desktop-alt/lib/projects-model.ts": {"lines":{"total":123,"covered":81,"skipped":0,"pct":65.85},"functions":{"total":37,"covered":22,"skipped":0,"pct":59.45},"statements":{"total":144,"covered":98,"skipped":0,"pct":68.05},"branches":{"total":107,"covered":52,"skipped":0,"pct":48.59}}
,"/Users/corey/Documents/HQ/repos/public/hq-desktop-app/apps/sync/src/desktop-alt/lib/sessions.ts": {"lines":{"total":106,"covered":99,"skipped":0,"pct":93.39},"functions":{"total":26,"covered":25,"skipped":0,"pct":96.15},"statements":{"total":130,"covered":119,"skipped":0,"pct":91.53},"branches":{"total":93,"covered":83,"skipped":0,"pct":89.24}}
,"/Users/corey/Documents/HQ/repos/public/hq-desktop-app/apps/sync/src/desktop-alt/lib/sync-model.ts": {"lines":{"total":128,"covered":101,"skipped":0,"pct":78.9},"functions":{"total":21,"covered":17,"skipped":0,"pct":80.95},"statements":{"total":152,"covered":110,"skipped":0,"pct":72.36},"branches":{"total":212,"covered":146,"skipped":0,"pct":68.86}}
,"/Users/corey/Documents/HQ/repos/public/hq-desktop-app/apps/sync/src/desktop-alt/v4/companies-model.ts": {"lines":{"total":53,"covered":53,"skipped":0,"pct":100},"functions":{"total":6,"covered":6,"skipped":0,"pct":100},"statements":{"total":55,"covered":54,"skipped":0,"pct":98.18},"branches":{"total":56,"covered":52,"skipped":0,"pct":92.85}}
,"/Users/corey/Documents/HQ/repos/public/hq-desktop-app/apps/sync/src/desktop-alt/v4/home-model.ts": {"lines":{"total":134,"covered":134,"skipped":0,"pct":100},"functions":{"total":30,"covered":30,"skipped":0,"pct":100},"statements":{"total":156,"covered":152,"skipped":0,"pct":97.43},"branches":{"total":193,"covered":159,"skipped":0,"pct":82.38}}
,"/Users/corey/Documents/HQ/repos/public/hq-desktop-app/apps/sync/src/desktop-alt/v4/model.ts": {"lines":{"total":38,"covered":37,"skipped":0,"pct":97.36},"functions":{"total":10,"covered":10,"skipped":0,"pct":100},"statements":{"total":46,"covered":45,"skipped":0,"pct":97.82},"branches":{"total":50,"covered":43,"skipped":0,"pct":86}}
,"/Users/corey/Documents/HQ/repos/public/hq-desktop-app/apps/sync/src/lib/activeMeetings.ts": {"lines":{"total":110,"covered":65,"skipped":0,"pct":59.09},"functions":{"total":40,"covered":22,"skipped":0,"pct":55},"statements":{"total":131,"covered":75,"skipped":0,"pct":57.25},"branches":{"total":136,"covered":47,"skipped":0,"pct":34.55}}
,"/Users/corey/Documents/HQ/repos/public/hq-desktop-app/apps/sync/src/lib/auth.ts": {"lines":{"total":1,"covered":1,"skipped":0,"pct":100},"functions":{"total":1,"covered":1,"skipped":0,"pct":100},"statements":{"total":1,"covered":1,"skipped":0,"pct":100},"branches":{"total":2,"covered":2,"skipped":0,"pct":100}}
,"/Users/corey/Documents/HQ/repos/public/hq-desktop-app/apps/sync/src/lib/authRecheckGate.ts": {"lines":{"total":1,"covered":1,"skipped":0,"pct":100},"functions":{"total":1,"covered":1,"skipped":0,"pct":100},"statements":{"total":1,"covered":1,"skipped":0,"pct":100},"branches":{"total":2,"covered":2,"skipped":0,"pct":100}}
,"/Users/corey/Documents/HQ/repos/public/hq-desktop-app/apps/sync/src/lib/channels.ts": {"lines":{"total":69,"covered":69,"skipped":0,"pct":100},"functions":{"total":25,"covered":24,"skipped":0,"pct":96},"statements":{"total":88,"covered":85,"skipped":0,"pct":96.59},"branches":{"total":77,"covered":69,"skipped":0,"pct":89.61}}
,"/Users/corey/Documents/HQ/repos/public/hq-desktop-app/apps/sync/src/lib/claude-code-link.ts": {"lines":{"total":3,"covered":3,"skipped":0,"pct":100},"functions":{"total":1,"covered":1,"skipped":0,"pct":100},"statements":{"total":4,"covered":4,"skipped":0,"pct":100},"branches":{"total":2,"covered":2,"skipped":0,"pct":100}}
,"/Users/corey/Documents/HQ/repos/public/hq-desktop-app/apps/sync/src/lib/company-label.ts": {"lines":{"total":5,"covered":5,"skipped":0,"pct":100},"functions":{"total":2,"covered":2,"skipped":0,"pct":100},"statements":{"total":9,"covered":9,"skipped":0,"pct":100},"branches":{"total":10,"covered":10,"skipped":0,"pct":100}}
,"/Users/corey/Documents/HQ/repos/public/hq-desktop-app/apps/sync/src/lib/conversation-copy.ts": {"lines":{"total":7,"covered":7,"skipped":0,"pct":100},"functions":{"total":3,"covered":3,"skipped":0,"pct":100},"statements":{"total":7,"covered":7,"skipped":0,"pct":100},"branches":{"total":6,"covered":6,"skipped":0,"pct":100}}
,"/Users/corey/Documents/HQ/repos/public/hq-desktop-app/apps/sync/src/lib/copy-prompts.ts": {"lines":{"total":95,"covered":83,"skipped":0,"pct":87.36},"functions":{"total":34,"covered":20,"skipped":0,"pct":58.82},"statements":{"total":110,"covered":85,"skipped":0,"pct":77.27},"branches":{"total":99,"covered":76,"skipped":0,"pct":76.76}}
,"/Users/corey/Documents/HQ/repos/public/hq-desktop-app/apps/sync/src/lib/dmRequests.ts": {"lines":{"total":10,"covered":10,"skipped":0,"pct":100},"functions":{"total":8,"covered":8,"skipped":0,"pct":100},"statements":{"total":14,"covered":14,"skipped":0,"pct":100},"branches":{"total":9,"covered":9,"skipped":0,"pct":100}}
,"/Users/corey/Documents/HQ/repos/public/hq-desktop-app/apps/sync/src/lib/dmThread.ts": {"lines":{"total":7,"covered":7,"skipped":0,"pct":100},"functions":{"total":3,"covered":3,"skipped":0,"pct":100},"statements":{"total":9,"covered":9,"skipped":0,"pct":100},"branches":{"total":6,"covered":6,"skipped":0,"pct":100}}
,"/Users/corey/Documents/HQ/repos/public/hq-desktop-app/apps/sync/src/lib/effective-total-files.ts": {"lines":{"total":1,"covered":1,"skipped":0,"pct":100},"functions":{"total":1,"covered":1,"skipped":0,"pct":100},"statements":{"total":1,"covered":1,"skipped":0,"pct":100},"branches":{"total":2,"covered":2,"skipped":0,"pct":100}}
,"/Users/corey/Documents/HQ/repos/public/hq-desktop-app/apps/sync/src/lib/invite-errors.ts": {"lines":{"total":2,"covered":2,"skipped":0,"pct":100},"functions":{"total":1,"covered":1,"skipped":0,"pct":100},"statements":{"total":2,"covered":2,"skipped":0,"pct":100},"branches":{"total":4,"covered":4,"skipped":0,"pct":100}}
,"/Users/corey/Documents/HQ/repos/public/hq-desktop-app/apps/sync/src/lib/lifecycle.ts": {"lines":{"total":6,"covered":1,"skipped":0,"pct":16.66},"functions":{"total":2,"covered":1,"skipped":0,"pct":50},"statements":{"total":6,"covered":1,"skipped":0,"pct":16.66},"branches":{"total":9,"covered":4,"skipped":0,"pct":44.44}}
,"/Users/corey/Documents/HQ/repos/public/hq-desktop-app/apps/sync/src/lib/live-progress-caption.ts": {"lines":{"total":11,"covered":11,"skipped":0,"pct":100},"functions":{"total":1,"covered":1,"skipped":0,"pct":100},"statements":{"total":11,"covered":11,"skipped":0,"pct":100},"branches":{"total":16,"covered":16,"skipped":0,"pct":100}}
,"/Users/corey/Documents/HQ/repos/public/hq-desktop-app/apps/sync/src/lib/markdown.ts": {"lines":{"total":0,"covered":0,"skipped":0,"pct":100},"functions":{"total":0,"covered":0,"skipped":0,"pct":100},"statements":{"total":0,"covered":0,"skipped":0,"pct":100},"branches":{"total":0,"covered":0,"skipped":0,"pct":100}}
,"/Users/corey/Documents/HQ/repos/public/hq-desktop-app/apps/sync/src/lib/meetingAttribution.ts": {"lines":{"total":54,"covered":50,"skipped":0,"pct":92.59},"functions":{"total":22,"covered":19,"skipped":0,"pct":86.36},"statements":{"total":61,"covered":57,"skipped":0,"pct":93.44},"branches":{"total":88,"covered":76,"skipped":0,"pct":86.36}}
,"/Users/corey/Documents/HQ/repos/public/hq-desktop-app/apps/sync/src/lib/meetingDetection.ts": {"lines":{"total":17,"covered":17,"skipped":0,"pct":100},"functions":{"total":2,"covered":2,"skipped":0,"pct":100},"statements":{"total":18,"covered":18,"skipped":0,"pct":100},"branches":{"total":34,"covered":29,"skipped":0,"pct":85.29}}
,"/Users/corey/Documents/HQ/repos/public/hq-desktop-app/apps/sync/src/lib/meetingsCache.ts": {"lines":{"total":33,"covered":32,"skipped":0,"pct":96.96},"functions":{"total":7,"covered":7,"skipped":0,"pct":100},"statements":{"total":44,"covered":40,"skipped":0,"pct":90.9},"branches":{"total":26,"covered":23,"skipped":0,"pct":88.46}}
,"/Users/corey/Documents/HQ/repos/public/hq-desktop-app/apps/sync/src/lib/meetingsLoadingGate.ts": {"lines":{"total":1,"covered":1,"skipped":0,"pct":100},"functions":{"total":1,"covered":1,"skipped":0,"pct":100},"statements":{"total":1,"covered":1,"skipped":0,"pct":100},"branches":{"total":4,"covered":4,"skipped":0,"pct":100}}
,"/Users/corey/Documents/HQ/repos/public/hq-desktop-app/apps/sync/src/lib/messageMarkdown.ts": {"lines":{"total":1,"covered":1,"skipped":0,"pct":100},"functions":{"total":1,"covered":1,"skipped":0,"pct":100},"statements":{"total":1,"covered":1,"skipped":0,"pct":100},"branches":{"total":0,"covered":0,"skipped":0,"pct":100}}
,"/Users/corey/Documents/HQ/repos/public/hq-desktop-app/apps/sync/src/lib/notificationGroups.ts": {"lines":{"total":39,"covered":36,"skipped":0,"pct":92.3},"functions":{"total":5,"covered":5,"skipped":0,"pct":100},"statements":{"total":42,"covered":38,"skipped":0,"pct":90.47},"branches":{"total":26,"covered":20,"skipped":0,"pct":76.92}}
,"/Users/corey/Documents/HQ/repos/public/hq-desktop-app/apps/sync/src/lib/onboarding-path.ts": {"lines":{"total":19,"covered":19,"skipped":0,"pct":100},"functions":{"total":4,"covered":4,"skipped":0,"pct":100},"statements":{"total":25,"covered":23,"skipped":0,"pct":92},"branches":{"total":22,"covered":20,"skipped":0,"pct":90.9}}
,"/Users/corey/Documents/HQ/repos/public/hq-desktop-app/apps/sync/src/lib/onboarding-setup.ts": {"lines":{"total":95,"covered":94,"skipped":0,"pct":98.94},"functions":{"total":35,"covered":35,"skipped":0,"pct":100},"statements":{"total":108,"covered":101,"skipped":0,"pct":93.51},"branches":{"total":92,"covered":82,"skipped":0,"pct":89.13}}
,"/Users/corey/Documents/HQ/repos/public/hq-desktop-app/apps/sync/src/lib/onboarding-signin.ts": {"lines":{"total":16,"covered":15,"skipped":0,"pct":93.75},"functions":{"total":2,"covered":2,"skipped":0,"pct":100},"statements":{"total":17,"covered":15,"skipped":0,"pct":88.23},"branches":{"total":24,"covered":18,"skipped":0,"pct":75}}
,"/Users/corey/Documents/HQ/repos/public/hq-desktop-app/apps/sync/src/lib/onboarding-summary.ts": {"lines":{"total":33,"covered":28,"skipped":0,"pct":84.84},"functions":{"total":8,"covered":7,"skipped":0,"pct":87.5},"statements":{"total":43,"covered":34,"skipped":0,"pct":79.06},"branches":{"total":35,"covered":26,"skipped":0,"pct":74.28}}
,"/Users/corey/Documents/HQ/repos/public/hq-desktop-app/apps/sync/src/lib/onboarding-telemetry.ts": {"lines":{"total":8,"covered":7,"skipped":0,"pct":87.5},"functions":{"total":1,"covered":1,"skipped":0,"pct":100},"statements":{"total":8,"covered":7,"skipped":0,"pct":87.5},"branches":{"total":1,"covered":1,"skipped":0,"pct":100}}
,"/Users/corey/Documents/HQ/repos/public/hq-desktop-app/apps/sync/src/lib/onboarding-wizard.ts": {"lines":{"total":39,"covered":38,"skipped":0,"pct":97.43},"functions":{"total":14,"covered":14,"skipped":0,"pct":100},"statements":{"total":44,"covered":43,"skipped":0,"pct":97.72},"branches":{"total":50,"covered":47,"skipped":0,"pct":94}}
,"/Users/corey/Documents/HQ/repos/public/hq-desktop-app/apps/sync/src/lib/packUpdate.ts": {"lines":{"total":1,"covered":1,"skipped":0,"pct":100},"functions":{"total":1,"covered":1,"skipped":0,"pct":100},"statements":{"total":1,"covered":1,"skipped":0,"pct":100},"branches":{"total":2,"covered":2,"skipped":0,"pct":100}}
,"/Users/corey/Documents/HQ/repos/public/hq-desktop-app/apps/sync/src/lib/packages.ts": {"lines":{"total":13,"covered":12,"skipped":0,"pct":92.3},"functions":{"total":3,"covered":3,"skipped":0,"pct":100},"statements":{"total":17,"covered":16,"skipped":0,"pct":94.11},"branches":{"total":18,"covered":17,"skipped":0,"pct":94.44}}
,"/Users/corey/Documents/HQ/repos/public/hq-desktop-app/apps/sync/src/lib/popover-refresh.ts": {"lines":{"total":3,"covered":3,"skipped":0,"pct":100},"functions":{"total":1,"covered":1,"skipped":0,"pct":100},"statements":{"total":3,"covered":3,"skipped":0,"pct":100},"branches":{"total":0,"covered":0,"skipped":0,"pct":100}}
,"/Users/corey/Documents/HQ/repos/public/hq-desktop-app/apps/sync/src/lib/popover-window-size.ts": {"lines":{"total":9,"covered":9,"skipped":0,"pct":100},"functions":{"total":3,"covered":3,"skipped":0,"pct":100},"statements":{"total":10,"covered":10,"skipped":0,"pct":100},"branches":{"total":10,"covered":8,"skipped":0,"pct":80}}
,"/Users/corey/Documents/HQ/repos/public/hq-desktop-app/apps/sync/src/lib/progressLabel.ts": {"lines":{"total":6,"covered":6,"skipped":0,"pct":100},"functions":{"total":2,"covered":2,"skipped":0,"pct":100},"statements":{"total":8,"covered":8,"skipped":0,"pct":100},"branches":{"total":9,"covered":9,"skipped":0,"pct":100}}
,"/Users/corey/Documents/HQ/repos/public/hq-desktop-app/apps/sync/src/lib/reactions.ts": {"lines":{"total":38,"covered":38,"skipped":0,"pct":100},"functions":{"total":17,"covered":17,"skipped":0,"pct":100},"statements":{"total":43,"covered":43,"skipped":0,"pct":100},"branches":{"total":28,"covered":24,"skipped":0,"pct":85.71}}
,"/Users/corey/Documents/HQ/repos/public/hq-desktop-app/apps/sync/src/lib/recipientPicker.ts": {"lines":{"total":40,"covered":40,"skipped":0,"pct":100},"functions":{"total":11,"covered":11,"skipped":0,"pct":100},"statements":{"total":47,"covered":46,"skipped":0,"pct":97.87},"branches":{"total":50,"covered":38,"skipped":0,"pct":76}}
,"/Users/corey/Documents/HQ/repos/public/hq-desktop-app/apps/sync/src/lib/recordingCompany.ts": {"lines":{"total":4,"covered":4,"skipped":0,"pct":100},"functions":{"total":6,"covered":6,"skipped":0,"pct":100},"statements":{"total":6,"covered":6,"skipped":0,"pct":100},"branches":{"total":14,"covered":14,"skipped":0,"pct":100}}
,"/Users/corey/Documents/HQ/repos/public/hq-desktop-app/apps/sync/src/lib/share-path.ts": {"lines":{"total":6,"covered":6,"skipped":0,"pct":100},"functions":{"total":1,"covered":1,"skipped":0,"pct":100},"statements":{"total":7,"covered":7,"skipped":0,"pct":100},"branches":{"total":4,"covered":4,"skipped":0,"pct":100}}
,"/Users/corey/Documents/HQ/repos/public/hq-desktop-app/apps/sync/src/lib/shareTimeline.ts": {"lines":{"total":32,"covered":32,"skipped":0,"pct":100},"functions":{"total":15,"covered":15,"skipped":0,"pct":100},"statements":{"total":39,"covered":38,"skipped":0,"pct":97.43},"branches":{"total":30,"covered":26,"skipped":0,"pct":86.66}}
,"/Users/corey/Documents/HQ/repos/public/hq-desktop-app/apps/sync/src/lib/stopWatchdog.ts": {"lines":{"total":15,"covered":15,"skipped":0,"pct":100},"functions":{"total":5,"covered":5,"skipped":0,"pct":100},"statements":{"total":16,"covered":16,"skipped":0,"pct":100},"branches":{"total":5,"covered":5,"skipped":0,"pct":100}}
,"/Users/corey/Documents/HQ/repos/public/hq-desktop-app/apps/sync/src/lib/transfer-count.ts": {"lines":{"total":4,"covered":4,"skipped":0,"pct":100},"functions":{"total":1,"covered":1,"skipped":0,"pct":100},"statements":{"total":4,"covered":4,"skipped":0,"pct":100},"branches":{"total":3,"covered":3,"skipped":0,"pct":100}}
,"/Users/corey/Documents/HQ/repos/public/hq-desktop-app/apps/sync/src/lib/transient-sync-error.ts": {"lines":{"total":2,"covered":2,"skipped":0,"pct":100},"functions":{"total":1,"covered":1,"skipped":0,"pct":100},"statements":{"total":2,"covered":2,"skipped":0,"pct":100},"branches":{"total":2,"covered":2,"skipped":0,"pct":100}}
,"/Users/corey/Documents/HQ/repos/public/hq-desktop-app/apps/sync/src/lib/workspaces.ts": {"lines":{"total":8,"covered":8,"skipped":0,"pct":100},"functions":{"total":4,"covered":4,"skipped":0,"pct":100},"statements":{"total":9,"covered":9,"skipped":0,"pct":100},"branches":{"total":5,"covered":5,"skipped":0,"pct":100}}
,"/Users/corey/Documents/HQ/repos/public/hq-desktop-app/apps/sync/src/lib/crm/account-view-model.ts": {"lines":{"total":98,"covered":96,"skipped":0,"pct":97.95},"functions":{"total":23,"covered":23,"skipped":0,"pct":100},"statements":{"total":119,"covered":115,"skipped":0,"pct":96.63},"branches":{"total":109,"covered":98,"skipped":0,"pct":89.9}}
}
